<?xml version="1.0" encoding="UTF-8"?>
<!-- Generated by org.testng.reporters.JUnitXMLReporter -->
<<<<<<< Updated upstream
<testsuite hostname="L-DEL-DELL1" name="Default test" tests="1" failures="0" timestamp="4 Oct 2019 23:48:35 GMT" time="0.104" errors="0">
  <testcase name="@BeforeTest setup" time="0.0" classname="com.test.EdurekaSelenium.FirstTestNG">
    <failure type="org.testng.TestNGException" message="
Parameter &amp;apos;url&amp;apos; is required by @Configuration on method setup but has not been marked @Optional or defined
in C:\Users\instalacion\AppData\Local\Temp\testng-eclipse--437570564\testng-customsuite.xml">
      <![CDATA[org.testng.TestNGException: 
Parameter 'url' is required by @Configuration on method setup but has not been marked @Optional or defined
in C:\Users\instalacion\AppData\Local\Temp\testng-eclipse--437570564\testng-customsuite.xml
=======
<testsuite hostname="L-DEL-DELL1" name="Default test" tests="1" failures="0" timestamp="9 Oct 2019 20:36:40 GMT" time="0.041" errors="0">
  <testcase name="@BeforeTest setup" time="0.0" classname="com.test.EdurekaSelenium.FirstTestNG">
    <failure type="org.testng.TestNGException" message="
Parameter &amp;apos;url&amp;apos; is required by @Configuration on method setup but has not been marked @Optional or defined
in C:\Users\instalacion\AppData\Local\Temp\testng-eclipse-600667862\testng-customsuite.xml">
      <![CDATA[org.testng.TestNGException: 
Parameter 'url' is required by @Configuration on method setup but has not been marked @Optional or defined
in C:\Users\instalacion\AppData\Local\Temp\testng-eclipse-600667862\testng-customsuite.xml
>>>>>>> Stashed changes
	at org.testng.internal.Parameters.createParameters(Parameters.java:154)
	at org.testng.internal.Parameters.createParameters(Parameters.java:361)
	at org.testng.internal.Parameters.createConfigurationParameters(Parameters.java:84)
	at org.testng.internal.Invoker.invokeConfigurations(Invoker.java:201)
	at org.testng.internal.Invoker.invokeConfigurations(Invoker.java:142)
	at org.testng.TestRunner.beforeRun(TestRunner.java:656)
	at org.testng.TestRunner.run(TestRunner.java:624)
	at org.testng.SuiteRunner.runTest(SuiteRunner.java:366)
	at org.testng.SuiteRunner.runSequentially(SuiteRunner.java:361)
	at org.testng.SuiteRunner.privateRun(SuiteRunner.java:319)
	at org.testng.SuiteRunner.run(SuiteRunner.java:268)
	at org.testng.SuiteRunnerWorker.runSuite(SuiteRunnerWorker.java:52)
	at org.testng.SuiteRunnerWorker.run(SuiteRunnerWorker.java:86)
	at org.testng.TestNG.runSuitesSequentially(TestNG.java:1244)
	at org.testng.TestNG.runSuitesLocally(TestNG.java:1169)
	at org.testng.TestNG.run(TestNG.java:1064)
	at org.testng.remote.AbstractRemoteTestNG.run(AbstractRemoteTestNG.java:115)
	at org.testng.remote.RemoteTestNG.initAndRun(RemoteTestNG.java:251)
	at org.testng.remote.RemoteTestNG.main(RemoteTestNG.java:77)
]]>
    </failure>
  </testcase> <!-- @BeforeTest setup -->
  <testcase name="@AfterTest tearDown" time="0.0" classname="com.test.EdurekaSelenium.FirstTestNG">
    <skipped/>
  </testcase> <!-- @AfterTest tearDown -->
<<<<<<< Updated upstream
  <testcase name="test_recalcularcorte" time="0.026" classname="com.test.EdurekaSelenium.FirstTestNG">
=======
  <testcase name="test_recalcularcorte" time="0.008" classname="com.test.EdurekaSelenium.FirstTestNG">
>>>>>>> Stashed changes
    <skipped/>
  </testcase> <!-- test_recalcularcorte -->
</testsuite> <!-- Default test -->
