<?xml version="1.0" encoding="UTF-8"?>
<testng-results skipped="0" failed="0" total="1" passed="1">
  <reporter-output>
  </reporter-output>
  <suite name="Suite" duration-ms="18675" started-at="2019-10-11T15:57:31Z" finished-at="2019-10-11T15:57:50Z">
    <groups>
    </groups>
    <test name="Test" duration-ms="18675" started-at="2019-10-11T15:57:31Z" finished-at="2019-10-11T15:57:50Z">
      <class name="com.test.EdurekaSelenium.FirstTestNG">
        <test-method status="PASS" signature="setup(java.lang.String)[pri:0, instance:com.test.EdurekaSelenium.FirstTestNG@59fa1d9b]" name="setup" is-config="true" duration-ms="10802" started-at="2019-10-11T09:57:31Z" finished-at="2019-10-11T09:57:42Z">
          <params>
            <param index="0">
              <value>
                <![CDATA[http://wls33.tgc.mx:8080/re_login/faces/infraestructura]]>
              </value>
            </param>
          </params>
          <reporter-output>
          </reporter-output>
        </test-method> <!-- setup -->
        <test-method status="PASS" signature="test_recalcularcorte(java.lang.String, java.lang.String)[pri:0, instance:com.test.EdurekaSelenium.FirstTestNG@59fa1d9b]" name="test_recalcularcorte" duration-ms="7837" started-at="2019-10-11T09:57:42Z" finished-at="2019-10-11T09:57:50Z">
          <params>
            <param index="0">
              <value>
                <![CDATA[RECAUDADOR]]>
              </value>
            </param>
            <param index="1">
              <value>
                <![CDATA[THEBIGONE]]>
              </value>
            </param>
          </params>
          <reporter-output>
          </reporter-output>
        </test-method> <!-- test_recalcularcorte -->
        <test-method status="PASS" signature="tearDown()[pri:0, instance:com.test.EdurekaSelenium.FirstTestNG@59fa1d9b]" name="tearDown" is-config="true" duration-ms="0" started-at="2019-10-11T09:57:50Z" finished-at="2019-10-11T09:57:50Z">
          <reporter-output>
          </reporter-output>
        </test-method> <!-- tearDown -->
      </class> <!-- com.test.EdurekaSelenium.FirstTestNG -->
    </test> <!-- Test -->
  </suite> <!-- Suite -->
</testng-results>
