<?xml version="1.0" encoding="UTF-8"?>
<testng-results skipped="0" failed="0" total="1" passed="1">
  <reporter-output>
  </reporter-output>

    <groups>
    </groups>
    <test name="Default test" duration-ms="13089" started-at="2019-10-04T21:30:05Z" finished-at="2019-10-04T21:30:18Z">
      <class name="com.test.EdurekaSelenium.FirstTestNG">

          <params>
            <param index="0">
              <value>
                <![CDATA[http://wls33.tgc.mx:8080/re_login/faces/infraestructura]]>
              </value>
            </param>
          </params>
          <reporter-output>
          </reporter-output>
        </test-method> <!-- setup -->

          <reporter-output>
          </reporter-output>
        </test-method> <!-- tearDown -->
      </class> <!-- com.test.EdurekaSelenium.FirstTestNG -->
    </test> <!-- Default test -->
  </suite> <!-- Default suite -->
</testng-results>
